[2022-12-10 16:13:43,079] {taskinstance.py:851} INFO - Dependencies all met for <TaskInstance: mysql-to-gcp.creating-a-dataset-in-bigquery 2022-12-10T16:13:41.194561+00:00 [queued]>
[2022-12-10 16:13:43,135] {taskinstance.py:851} INFO - Dependencies all met for <TaskInstance: mysql-to-gcp.creating-a-dataset-in-bigquery 2022-12-10T16:13:41.194561+00:00 [queued]>
[2022-12-10 16:13:43,137] {taskinstance.py:1042} INFO - 
--------------------------------------------------------------------------------
[2022-12-10 16:13:43,139] {taskinstance.py:1043} INFO - Starting attempt 1 of 1
[2022-12-10 16:13:43,140] {taskinstance.py:1044} INFO - 
--------------------------------------------------------------------------------
[2022-12-10 16:13:43,164] {taskinstance.py:1063} INFO - Executing <Task(PythonVirtualenvOperator): creating-a-dataset-in-bigquery> on 2022-12-10T16:13:41.194561+00:00
[2022-12-10 16:13:43,172] {standard_task_runner.py:52} INFO - Started process 127 to run task
[2022-12-10 16:13:43,186] {standard_task_runner.py:76} INFO - Running: ['airflow', 'tasks', 'run', 'mysql-to-gcp', 'creating-a-dataset-in-bigquery', '2022-12-10T16:13:41.194561+00:00', '--job-id', '6', '--pool', 'default_pool', '--raw', '--subdir', 'DAGS_FOLDER/gcp_dag.py', '--cfg-path', '/tmp/tmpmpu8c5r7', '--error-file', '/tmp/tmp356st0k3']
[2022-12-10 16:13:43,188] {standard_task_runner.py:77} INFO - Job 6: Subtask creating-a-dataset-in-bigquery
[2022-12-10 16:13:43,291] {logging_mixin.py:104} INFO - Running <TaskInstance: mysql-to-gcp.creating-a-dataset-in-bigquery 2022-12-10T16:13:41.194561+00:00 [running]> on host ec559b4d8f4f
[2022-12-10 16:13:43,372] {taskinstance.py:1257} INFO - Exporting the following env vars:
AIRFLOW_CTX_DAG_OWNER=airflow
AIRFLOW_CTX_DAG_ID=mysql-to-gcp
AIRFLOW_CTX_TASK_ID=creating-a-dataset-in-bigquery
AIRFLOW_CTX_EXECUTION_DATE=2022-12-10T16:13:41.194561+00:00
AIRFLOW_CTX_DAG_RUN_ID=manual__2022-12-10T16:13:41.194561+00:00
[2022-12-10 16:13:43,374] {process_utils.py:135} INFO - Executing cmd: virtualenv /tmp/venv2p25zpfk
[2022-12-10 16:13:43,386] {process_utils.py:137} INFO - Output:
[2022-12-10 16:13:44,872] {process_utils.py:141} INFO - created virtual environment CPython3.6.15.final.0-64 in 1017ms
[2022-12-10 16:13:44,874] {process_utils.py:141} INFO -   creator CPython3Posix(dest=/tmp/venv2p25zpfk, clear=False, no_vcs_ignore=False, global=False)
[2022-12-10 16:13:44,876] {process_utils.py:141} INFO -   seeder FromAppData(download=False, pip=bundle, setuptools=bundle, wheel=bundle, via=copy, app_data_dir=/home/airflow/.local/share/virtualenv)
[2022-12-10 16:13:44,877] {process_utils.py:141} INFO -     added seed packages: pip==21.0.1, setuptools==52.0.0, wheel==0.36.2
[2022-12-10 16:13:44,882] {process_utils.py:141} INFO -   activators BashActivator,CShellActivator,FishActivator,PowerShellActivator,PythonActivator,XonshActivator
[2022-12-10 16:13:44,933] {process_utils.py:135} INFO - Executing cmd: /tmp/venv2p25zpfk/bin/pip install google-cloud-bigquery google-cloud-bigquery-storage
[2022-12-10 16:13:44,945] {process_utils.py:137} INFO - Output:
[2022-12-10 16:13:49,624] {process_utils.py:141} INFO - Collecting google-cloud-bigquery
[2022-12-10 16:13:49,630] {process_utils.py:141} INFO -   Using cached google_cloud_bigquery-3.2.0-py2.py3-none-any.whl (211 kB)
[2022-12-10 16:13:50,368] {process_utils.py:141} INFO - Collecting google-cloud-bigquery-storage
[2022-12-10 16:13:50,375] {process_utils.py:141} INFO -   Using cached google_cloud_bigquery_storage-2.13.2-py2.py3-none-any.whl (180 kB)
[2022-12-10 16:13:51,361] {process_utils.py:141} INFO - Collecting proto-plus<2.0.0dev,>=1.15.0
[2022-12-10 16:13:51,367] {process_utils.py:141} INFO -   Using cached proto_plus-1.22.1-py3-none-any.whl (47 kB)
[2022-12-10 16:13:52,326] {process_utils.py:141} INFO - Collecting pyarrow<9.0dev,>=3.0.0
[2022-12-10 16:13:58,239] {process_utils.py:141} INFO -   Using cached pyarrow-6.0.1-cp36-cp36m-manylinux_2_17_x86_64.manylinux2014_x86_64.whl (25.6 MB)
[2022-12-10 16:14:00,006] {process_utils.py:141} INFO - Collecting google-resumable-media<3.0dev,>=0.6.0
[2022-12-10 16:14:00,020] {process_utils.py:141} INFO -   Using cached google_resumable_media-2.3.3-py2.py3-none-any.whl (76 kB)
[2022-12-10 16:14:02,689] {process_utils.py:141} INFO - Collecting protobuf<4.0.0dev,>=3.12.0
[2022-12-10 16:14:02,699] {process_utils.py:141} INFO -   Using cached protobuf-3.19.6-cp36-cp36m-manylinux_2_17_x86_64.manylinux2014_x86_64.whl (1.1 MB)
[2022-12-10 16:14:07,807] {process_utils.py:141} INFO - Collecting grpcio<2.0dev,>=1.38.1
[2022-12-10 16:14:09,346] {process_utils.py:141} INFO -   Using cached grpcio-1.48.2-cp36-cp36m-manylinux_2_17_x86_64.manylinux2014_x86_64.whl (4.6 MB)
[2022-12-10 16:14:12,253] {process_utils.py:141} INFO - Collecting packaging<22.0.0dev,>=14.3
[2022-12-10 16:14:12,261] {process_utils.py:141} INFO -   Using cached packaging-21.3-py3-none-any.whl (40 kB)
[2022-12-10 16:14:13,159] {process_utils.py:141} INFO - Collecting google-api-core[grpc]!=2.0.*,!=2.1.*,!=2.2.*,!=2.3.0,<3.0.0dev,>=1.31.5
[2022-12-10 16:14:13,164] {process_utils.py:141} INFO -   Using cached google_api_core-2.8.2-py3-none-any.whl (114 kB)
[2022-12-10 16:14:13,679] {process_utils.py:141} INFO - Collecting google-cloud-core<3.0.0dev,>=1.4.1
[2022-12-10 16:14:13,684] {process_utils.py:141} INFO -   Using cached google_cloud_core-2.3.1-py2.py3-none-any.whl (29 kB)
[2022-12-10 16:14:14,186] {process_utils.py:141} INFO - Collecting python-dateutil<3.0dev,>=2.7.2
[2022-12-10 16:14:14,192] {process_utils.py:141} INFO -   Using cached python_dateutil-2.8.2-py2.py3-none-any.whl (247 kB)
[2022-12-10 16:14:14,967] {process_utils.py:141} INFO - Collecting requests<3.0.0dev,>=2.18.0
[2022-12-10 16:14:14,973] {process_utils.py:141} INFO -   Using cached requests-2.27.1-py2.py3-none-any.whl (63 kB)
[2022-12-10 16:14:16,559] {process_utils.py:141} INFO - Collecting google-auth<3.0dev,>=1.25.0
[2022-12-10 16:14:16,566] {process_utils.py:141} INFO -   Using cached google_auth-2.15.0-py2.py3-none-any.whl (177 kB)
[2022-12-10 16:14:17,136] {process_utils.py:141} INFO - Collecting googleapis-common-protos<2.0dev,>=1.56.2
[2022-12-10 16:14:17,149] {process_utils.py:141} INFO -   Using cached googleapis_common_protos-1.56.3-py2.py3-none-any.whl (211 kB)
[2022-12-10 16:14:17,804] {process_utils.py:141} INFO - Collecting grpcio-status<2.0dev,>=1.33.2
[2022-12-10 16:14:17,811] {process_utils.py:141} INFO -   Using cached grpcio_status-1.51.1-py3-none-any.whl (5.1 kB)
[2022-12-10 16:14:18,484] {process_utils.py:141} INFO - Collecting pyasn1-modules>=0.2.1
[2022-12-10 16:14:18,491] {process_utils.py:141} INFO -   Using cached pyasn1_modules-0.2.8-py2.py3-none-any.whl (155 kB)
[2022-12-10 16:14:19,130] {process_utils.py:141} INFO - Collecting cachetools<6.0,>=2.0.0
[2022-12-10 16:14:19,137] {process_utils.py:141} INFO -   Using cached cachetools-4.2.4-py3-none-any.whl (10 kB)
[2022-12-10 16:14:19,655] {process_utils.py:141} INFO - Collecting rsa<5,>=3.1.4
[2022-12-10 16:14:19,660] {process_utils.py:141} INFO -   Using cached rsa-4.9-py3-none-any.whl (34 kB)
[2022-12-10 16:14:20,163] {process_utils.py:141} INFO - Collecting six>=1.9.0
[2022-12-10 16:14:20,169] {process_utils.py:141} INFO -   Using cached six-1.16.0-py2.py3-none-any.whl (11 kB)
[2022-12-10 16:14:21,079] {process_utils.py:141} INFO - Collecting google-crc32c<2.0dev,>=1.0
[2022-12-10 16:14:21,085] {process_utils.py:141} INFO -   Using cached google_crc32c-1.3.0-cp36-cp36m-manylinux_2_12_x86_64.manylinux2010_x86_64.whl (37 kB)
[2022-12-10 16:14:21,367] {process_utils.py:141} INFO - Collecting grpcio-status<2.0dev,>=1.33.2
[2022-12-10 16:14:21,380] {process_utils.py:141} INFO -   Using cached grpcio_status-1.50.0-py3-none-any.whl (14 kB)
[2022-12-10 16:14:21,636] {process_utils.py:141} INFO -   Using cached grpcio_status-1.49.1-py3-none-any.whl (14 kB)
[2022-12-10 16:14:21,832] {process_utils.py:141} INFO -   Using cached grpcio_status-1.48.2-py3-none-any.whl (14 kB)
[2022-12-10 16:14:22,799] {process_utils.py:141} INFO - Collecting pyparsing!=3.0.5,>=2.0.2
[2022-12-10 16:14:22,806] {process_utils.py:141} INFO -   Using cached pyparsing-3.0.9-py3-none-any.whl (98 kB)
[2022-12-10 16:14:26,917] {process_utils.py:141} INFO - Collecting numpy>=1.16.6
[2022-12-10 16:14:28,519] {process_utils.py:141} INFO -   Using cached numpy-1.19.5-cp36-cp36m-manylinux2010_x86_64.whl (14.8 MB)
[2022-12-10 16:14:29,984] {process_utils.py:141} INFO - Collecting pyasn1<0.5.0,>=0.4.6
[2022-12-10 16:14:29,992] {process_utils.py:141} INFO -   Using cached pyasn1-0.4.8-py2.py3-none-any.whl (77 kB)
[2022-12-10 16:14:30,873] {process_utils.py:141} INFO - Collecting idna<4,>=2.5
[2022-12-10 16:14:30,877] {process_utils.py:141} INFO -   Using cached idna-3.4-py3-none-any.whl (61 kB)
[2022-12-10 16:14:31,837] {process_utils.py:141} INFO - Collecting urllib3<1.27,>=1.21.1
[2022-12-10 16:14:31,853] {process_utils.py:141} INFO -   Using cached urllib3-1.26.13-py2.py3-none-any.whl (140 kB)
[2022-12-10 16:14:33,046] {process_utils.py:141} INFO - Collecting charset-normalizer~=2.0.0
[2022-12-10 16:14:33,050] {process_utils.py:141} INFO -   Using cached charset_normalizer-2.0.12-py3-none-any.whl (39 kB)
[2022-12-10 16:14:33,781] {process_utils.py:141} INFO - Collecting certifi>=2017.4.17
[2022-12-10 16:14:33,787] {process_utils.py:141} INFO -   Using cached certifi-2022.12.7-py3-none-any.whl (155 kB)
[2022-12-10 16:14:35,062] {process_utils.py:141} INFO - Installing collected packages: pyasn1, urllib3, six, rsa, pyasn1-modules, protobuf, idna, charset-normalizer, certifi, cachetools, requests, grpcio, googleapis-common-protos, google-auth, grpcio-status, google-api-core, pyparsing, proto-plus, numpy, google-crc32c, python-dateutil, pyarrow, packaging, google-resumable-media, google-cloud-core, google-cloud-bigquery-storage, google-cloud-bigquery
[2022-12-10 16:14:47,670] {process_utils.py:141} INFO - Successfully installed cachetools-4.2.4 certifi-2022.12.7 charset-normalizer-2.0.12 google-api-core-2.8.2 google-auth-2.15.0 google-cloud-bigquery-3.2.0 google-cloud-bigquery-storage-2.13.2 google-cloud-core-2.3.1 google-crc32c-1.3.0 google-resumable-media-2.3.3 googleapis-common-protos-1.56.3 grpcio-1.48.2 grpcio-status-1.48.2 idna-3.4 numpy-1.19.5 packaging-21.3 proto-plus-1.22.1 protobuf-3.19.6 pyarrow-6.0.1 pyasn1-0.4.8 pyasn1-modules-0.2.8 pyparsing-3.0.9 python-dateutil-2.8.2 requests-2.27.1 rsa-4.9 six-1.16.0 urllib3-1.26.13
[2022-12-10 16:14:49,361] {process_utils.py:141} INFO - WARNING: You are using pip version 21.0.1; however, version 21.3.1 is available.
[2022-12-10 16:14:49,362] {process_utils.py:141} INFO - You should consider upgrading via the '/tmp/venv2p25zpfk/bin/python -m pip install --upgrade pip' command.
[2022-12-10 16:14:49,749] {process_utils.py:135} INFO - Executing cmd: /tmp/venv2p25zpfk/bin/python /tmp/venv2p25zpfk/script.py /tmp/venv2p25zpfk/script.in /tmp/venv2p25zpfk/script.out /tmp/venv2p25zpfk/string_args.txt
[2022-12-10 16:14:49,769] {process_utils.py:137} INFO - Output:
[2022-12-10 16:14:55,533] {python.py:118} INFO - Done. Returned value was: None
[2022-12-10 16:14:55,583] {taskinstance.py:1166} INFO - Marking task as SUCCESS. dag_id=mysql-to-gcp, task_id=creating-a-dataset-in-bigquery, execution_date=20221210T161341, start_date=20221210T161343, end_date=20221210T161455
[2022-12-10 16:14:55,759] {local_task_job.py:146} INFO - Task exited with return code 1
