[2022-12-10 16:26:26,410] {taskinstance.py:851} INFO - Dependencies all met for <TaskInstance: mysql-to-gcp.truncating-tables-in-bigquery 2022-12-10T16:04:47.638429+00:00 [queued]>
[2022-12-10 16:26:26,460] {taskinstance.py:851} INFO - Dependencies all met for <TaskInstance: mysql-to-gcp.truncating-tables-in-bigquery 2022-12-10T16:04:47.638429+00:00 [queued]>
[2022-12-10 16:26:26,461] {taskinstance.py:1042} INFO - 
--------------------------------------------------------------------------------
[2022-12-10 16:26:26,462] {taskinstance.py:1043} INFO - Starting attempt 1 of 1
[2022-12-10 16:26:26,463] {taskinstance.py:1044} INFO - 
--------------------------------------------------------------------------------
[2022-12-10 16:26:26,504] {taskinstance.py:1063} INFO - Executing <Task(PythonVirtualenvOperator): truncating-tables-in-bigquery> on 2022-12-10T16:04:47.638429+00:00
[2022-12-10 16:26:26,522] {standard_task_runner.py:52} INFO - Started process 298 to run task
[2022-12-10 16:26:26,547] {standard_task_runner.py:76} INFO - Running: ['airflow', 'tasks', 'run', 'mysql-to-gcp', 'truncating-tables-in-bigquery', '2022-12-10T16:04:47.638429+00:00', '--job-id', '13', '--pool', 'default_pool', '--raw', '--subdir', 'DAGS_FOLDER/gcp_dag.py', '--cfg-path', '/tmp/tmpdyhkfbeh', '--error-file', '/tmp/tmpx030rciq']
[2022-12-10 16:26:26,549] {standard_task_runner.py:77} INFO - Job 13: Subtask truncating-tables-in-bigquery
[2022-12-10 16:26:26,684] {logging_mixin.py:104} INFO - Running <TaskInstance: mysql-to-gcp.truncating-tables-in-bigquery 2022-12-10T16:04:47.638429+00:00 [running]> on host ec559b4d8f4f
[2022-12-10 16:26:26,783] {taskinstance.py:1257} INFO - Exporting the following env vars:
AIRFLOW_CTX_DAG_OWNER=airflow
AIRFLOW_CTX_DAG_ID=mysql-to-gcp
AIRFLOW_CTX_TASK_ID=truncating-tables-in-bigquery
AIRFLOW_CTX_EXECUTION_DATE=2022-12-10T16:04:47.638429+00:00
AIRFLOW_CTX_DAG_RUN_ID=scheduled__2022-12-10T16:04:47.638429+00:00
[2022-12-10 16:26:26,785] {process_utils.py:135} INFO - Executing cmd: virtualenv /tmp/venveic2c2vs --system-site-packages
[2022-12-10 16:26:26,799] {process_utils.py:137} INFO - Output:
[2022-12-10 16:26:28,240] {process_utils.py:141} INFO - created virtual environment CPython3.6.15.final.0-64 in 921ms
[2022-12-10 16:26:28,241] {process_utils.py:141} INFO -   creator CPython3Posix(dest=/tmp/venveic2c2vs, clear=False, no_vcs_ignore=False, global=True)
[2022-12-10 16:26:28,243] {process_utils.py:141} INFO -   seeder FromAppData(download=False, pip=bundle, setuptools=bundle, wheel=bundle, via=copy, app_data_dir=/home/airflow/.local/share/virtualenv)
[2022-12-10 16:26:28,244] {process_utils.py:141} INFO -     added seed packages: pip==21.0.1, setuptools==52.0.0, wheel==0.36.2
[2022-12-10 16:26:28,245] {process_utils.py:141} INFO -   activators BashActivator,CShellActivator,FishActivator,PowerShellActivator,PythonActivator,XonshActivator
[2022-12-10 16:26:28,297] {process_utils.py:135} INFO - Executing cmd: /tmp/venveic2c2vs/bin/pip install google-cloud-bigquery google-cloud-bigquery-storage
[2022-12-10 16:26:28,312] {process_utils.py:137} INFO - Output:
[2022-12-10 16:26:31,417] {process_utils.py:141} INFO - Requirement already satisfied: google-cloud-bigquery in /home/airflow/.local/lib/python3.6/site-packages (2.8.0)
[2022-12-10 16:26:31,420] {process_utils.py:141} INFO - Requirement already satisfied: google-cloud-bigquery-storage in /home/airflow/.local/lib/python3.6/site-packages (2.2.1)
[2022-12-10 16:26:31,544] {process_utils.py:141} INFO - Requirement already satisfied: proto-plus>=1.10.0 in /home/airflow/.local/lib/python3.6/site-packages (from google-cloud-bigquery) (1.13.0)
[2022-12-10 16:26:31,547] {process_utils.py:141} INFO - Requirement already satisfied: protobuf>=3.12.0 in /home/airflow/.local/lib/python3.6/site-packages (from google-cloud-bigquery) (3.14.0)
[2022-12-10 16:26:31,549] {process_utils.py:141} INFO - Requirement already satisfied: google-resumable-media<2.0dev,>=0.6.0 in /home/airflow/.local/lib/python3.6/site-packages (from google-cloud-bigquery) (1.2.0)
[2022-12-10 16:26:31,552] {process_utils.py:141} INFO - Requirement already satisfied: google-cloud-core<2.0dev,>=1.4.1 in /home/airflow/.local/lib/python3.6/site-packages (from google-cloud-bigquery) (1.6.0)
[2022-12-10 16:26:31,555] {process_utils.py:141} INFO - Requirement already satisfied: google-api-core[grpc]<2.0.0dev,>=1.23.0 in /home/airflow/.local/lib/python3.6/site-packages (from google-cloud-bigquery) (1.26.0)
[2022-12-10 16:26:31,610] {process_utils.py:141} INFO - Requirement already satisfied: requests<3.0.0dev,>=2.18.0 in /home/airflow/.local/lib/python3.6/site-packages (from google-api-core[grpc]<2.0.0dev,>=1.23.0->google-cloud-bigquery) (2.25.1)
[2022-12-10 16:26:31,616] {process_utils.py:141} INFO - Requirement already satisfied: google-auth<2.0dev,>=1.21.1 in /home/airflow/.local/lib/python3.6/site-packages (from google-api-core[grpc]<2.0.0dev,>=1.23.0->google-cloud-bigquery) (1.26.1)
[2022-12-10 16:26:31,620] {process_utils.py:141} INFO - Requirement already satisfied: googleapis-common-protos<2.0dev,>=1.6.0 in /home/airflow/.local/lib/python3.6/site-packages (from google-api-core[grpc]<2.0.0dev,>=1.23.0->google-cloud-bigquery) (1.52.0)
[2022-12-10 16:26:31,623] {process_utils.py:141} INFO - Requirement already satisfied: packaging>=14.3 in /home/airflow/.local/lib/python3.6/site-packages (from google-api-core[grpc]<2.0.0dev,>=1.23.0->google-cloud-bigquery) (20.9)
[2022-12-10 16:26:31,627] {process_utils.py:141} INFO - Requirement already satisfied: six>=1.13.0 in /home/airflow/.local/lib/python3.6/site-packages (from google-api-core[grpc]<2.0.0dev,>=1.23.0->google-cloud-bigquery) (1.15.0)
[2022-12-10 16:26:31,631] {process_utils.py:141} INFO - Requirement already satisfied: setuptools>=40.3.0 in /tmp/venveic2c2vs/lib/python3.6/site-packages (from google-api-core[grpc]<2.0.0dev,>=1.23.0->google-cloud-bigquery) (52.0.0)
[2022-12-10 16:26:31,643] {process_utils.py:141} INFO - Requirement already satisfied: pytz in /home/airflow/.local/lib/python3.6/site-packages (from google-api-core[grpc]<2.0.0dev,>=1.23.0->google-cloud-bigquery) (2020.5)
[2022-12-10 16:26:31,644] {process_utils.py:141} INFO - Requirement already satisfied: grpcio<2.0dev,>=1.29.0 in /home/airflow/.local/lib/python3.6/site-packages (from google-api-core[grpc]<2.0.0dev,>=1.23.0->google-cloud-bigquery) (1.35.0)
[2022-12-10 16:26:31,706] {process_utils.py:141} INFO - Requirement already satisfied: pyasn1-modules>=0.2.1 in /home/airflow/.local/lib/python3.6/site-packages (from google-auth<2.0dev,>=1.21.1->google-api-core[grpc]<2.0.0dev,>=1.23.0->google-cloud-bigquery) (0.2.8)
[2022-12-10 16:26:31,711] {process_utils.py:141} INFO - Requirement already satisfied: rsa<5,>=3.1.4 in /home/airflow/.local/lib/python3.6/site-packages (from google-auth<2.0dev,>=1.21.1->google-api-core[grpc]<2.0.0dev,>=1.23.0->google-cloud-bigquery) (4.7)
[2022-12-10 16:26:31,716] {process_utils.py:141} INFO - Requirement already satisfied: cachetools<5.0,>=2.0.0 in /home/airflow/.local/lib/python3.6/site-packages (from google-auth<2.0dev,>=1.21.1->google-api-core[grpc]<2.0.0dev,>=1.23.0->google-cloud-bigquery) (4.2.1)
[2022-12-10 16:26:31,767] {process_utils.py:141} INFO - Requirement already satisfied: google-crc32c<2.0dev,>=1.0 in /home/airflow/.local/lib/python3.6/site-packages (from google-resumable-media<2.0dev,>=0.6.0->google-cloud-bigquery) (1.1.2)
[2022-12-10 16:26:31,778] {process_utils.py:141} INFO - Requirement already satisfied: cffi>=1.0.0 in /home/airflow/.local/lib/python3.6/site-packages (from google-crc32c<2.0dev,>=1.0->google-resumable-media<2.0dev,>=0.6.0->google-cloud-bigquery) (1.14.5)
[2022-12-10 16:26:31,786] {process_utils.py:141} INFO - Requirement already satisfied: pycparser in /home/airflow/.local/lib/python3.6/site-packages (from cffi>=1.0.0->google-crc32c<2.0dev,>=1.0->google-resumable-media<2.0dev,>=0.6.0->google-cloud-bigquery) (2.20)
[2022-12-10 16:26:31,828] {process_utils.py:141} INFO - Requirement already satisfied: pyparsing>=2.0.2 in /home/airflow/.local/lib/python3.6/site-packages (from packaging>=14.3->google-api-core[grpc]<2.0.0dev,>=1.23.0->google-cloud-bigquery) (2.4.7)
[2022-12-10 16:26:31,886] {process_utils.py:141} INFO - Requirement already satisfied: pyasn1<0.5.0,>=0.4.6 in /home/airflow/.local/lib/python3.6/site-packages (from pyasn1-modules>=0.2.1->google-auth<2.0dev,>=1.21.1->google-api-core[grpc]<2.0.0dev,>=1.23.0->google-cloud-bigquery) (0.4.8)
[2022-12-10 16:26:32,005] {process_utils.py:141} INFO - Requirement already satisfied: idna<3,>=2.5 in /home/airflow/.local/lib/python3.6/site-packages (from requests<3.0.0dev,>=2.18.0->google-api-core[grpc]<2.0.0dev,>=1.23.0->google-cloud-bigquery) (2.10)
[2022-12-10 16:26:32,016] {process_utils.py:141} INFO - Requirement already satisfied: certifi>=2017.4.17 in /home/airflow/.local/lib/python3.6/site-packages (from requests<3.0.0dev,>=2.18.0->google-api-core[grpc]<2.0.0dev,>=1.23.0->google-cloud-bigquery) (2020.12.5)
[2022-12-10 16:26:32,021] {process_utils.py:141} INFO - Requirement already satisfied: urllib3<1.27,>=1.21.1 in /home/airflow/.local/lib/python3.6/site-packages (from requests<3.0.0dev,>=2.18.0->google-api-core[grpc]<2.0.0dev,>=1.23.0->google-cloud-bigquery) (1.25.11)
[2022-12-10 16:26:32,032] {process_utils.py:141} INFO - Requirement already satisfied: chardet<5,>=3.0.2 in /home/airflow/.local/lib/python3.6/site-packages (from requests<3.0.0dev,>=2.18.0->google-api-core[grpc]<2.0.0dev,>=1.23.0->google-cloud-bigquery) (3.0.4)
[2022-12-10 16:26:32,178] {process_utils.py:141} INFO - Requirement already satisfied: libcst>=0.2.5 in /home/airflow/.local/lib/python3.6/site-packages (from google-cloud-bigquery-storage) (0.3.17)
[2022-12-10 16:26:32,280] {process_utils.py:141} INFO - Requirement already satisfied: typing-inspect>=0.4.0 in /home/airflow/.local/lib/python3.6/site-packages (from libcst>=0.2.5->google-cloud-bigquery-storage) (0.6.0)
[2022-12-10 16:26:32,285] {process_utils.py:141} INFO - Requirement already satisfied: dataclasses>=0.6.0 in /home/airflow/.local/lib/python3.6/site-packages (from libcst>=0.2.5->google-cloud-bigquery-storage) (0.7)
[2022-12-10 16:26:32,290] {process_utils.py:141} INFO - Requirement already satisfied: typing-extensions>=3.7.4.2 in /home/airflow/.local/lib/python3.6/site-packages (from libcst>=0.2.5->google-cloud-bigquery-storage) (3.7.4.3)
[2022-12-10 16:26:32,294] {process_utils.py:141} INFO - Requirement already satisfied: pyyaml>=5.2 in /home/airflow/.local/lib/python3.6/site-packages (from libcst>=0.2.5->google-cloud-bigquery-storage) (5.4.1)
[2022-12-10 16:26:32,351] {process_utils.py:141} INFO - Requirement already satisfied: mypy-extensions>=0.3.0 in /home/airflow/.local/lib/python3.6/site-packages (from typing-inspect>=0.4.0->libcst>=0.2.5->google-cloud-bigquery-storage) (0.4.3)
[2022-12-10 16:27:03,129] {process_utils.py:141} INFO - WARNING: You are using pip version 21.0.1; however, version 21.3.1 is available.
[2022-12-10 16:27:03,148] {process_utils.py:141} INFO - You should consider upgrading via the '/tmp/venveic2c2vs/bin/python -m pip install --upgrade pip' command.
[2022-12-10 16:27:03,855] {process_utils.py:135} INFO - Executing cmd: /tmp/venveic2c2vs/bin/python /tmp/venveic2c2vs/script.py /tmp/venveic2c2vs/script.in /tmp/venveic2c2vs/script.out /tmp/venveic2c2vs/string_args.txt
[2022-12-10 16:27:03,874] {process_utils.py:137} INFO - Output:
[2022-12-10 16:27:17,193] {python.py:118} INFO - Done. Returned value was: None
[2022-12-10 16:27:17,241] {taskinstance.py:1166} INFO - Marking task as SUCCESS. dag_id=mysql-to-gcp, task_id=truncating-tables-in-bigquery, execution_date=20221210T160447, start_date=20221210T162626, end_date=20221210T162717
[2022-12-10 16:27:17,366] {local_task_job.py:146} INFO - Task exited with return code 1
