[2022-12-10 16:22:39,274] {taskinstance.py:851} INFO - Dependencies all met for <TaskInstance: mysql-to-gcp.truncating-tables-in-bigquery 2022-12-10T16:20:26.520913+00:00 [queued]>
[2022-12-10 16:22:39,350] {taskinstance.py:851} INFO - Dependencies all met for <TaskInstance: mysql-to-gcp.truncating-tables-in-bigquery 2022-12-10T16:20:26.520913+00:00 [queued]>
[2022-12-10 16:22:39,352] {taskinstance.py:1042} INFO - 
--------------------------------------------------------------------------------
[2022-12-10 16:22:39,353] {taskinstance.py:1043} INFO - Starting attempt 1 of 1
[2022-12-10 16:22:39,353] {taskinstance.py:1044} INFO - 
--------------------------------------------------------------------------------
[2022-12-10 16:22:39,395] {taskinstance.py:1063} INFO - Executing <Task(PythonVirtualenvOperator): truncating-tables-in-bigquery> on 2022-12-10T16:20:26.520913+00:00
[2022-12-10 16:22:39,408] {standard_task_runner.py:52} INFO - Started process 223 to run task
[2022-12-10 16:22:39,426] {standard_task_runner.py:76} INFO - Running: ['airflow', 'tasks', 'run', 'mysql-to-gcp', 'truncating-tables-in-bigquery', '2022-12-10T16:20:26.520913+00:00', '--job-id', '10', '--pool', 'default_pool', '--raw', '--subdir', 'DAGS_FOLDER/gcp_dag.py', '--cfg-path', '/tmp/tmp92fa9cmd', '--error-file', '/tmp/tmpo9pmjm11']
[2022-12-10 16:22:39,431] {standard_task_runner.py:77} INFO - Job 10: Subtask truncating-tables-in-bigquery
[2022-12-10 16:22:39,643] {logging_mixin.py:104} INFO - Running <TaskInstance: mysql-to-gcp.truncating-tables-in-bigquery 2022-12-10T16:20:26.520913+00:00 [running]> on host ec559b4d8f4f
[2022-12-10 16:22:39,941] {taskinstance.py:1257} INFO - Exporting the following env vars:
AIRFLOW_CTX_DAG_OWNER=airflow
AIRFLOW_CTX_DAG_ID=mysql-to-gcp
AIRFLOW_CTX_TASK_ID=truncating-tables-in-bigquery
AIRFLOW_CTX_EXECUTION_DATE=2022-12-10T16:20:26.520913+00:00
AIRFLOW_CTX_DAG_RUN_ID=manual__2022-12-10T16:20:26.520913+00:00
[2022-12-10 16:22:39,977] {process_utils.py:135} INFO - Executing cmd: virtualenv /tmp/venvrv8cysjd --system-site-packages
[2022-12-10 16:22:40,036] {process_utils.py:137} INFO - Output:
[2022-12-10 16:22:41,910] {process_utils.py:141} INFO - created virtual environment CPython3.6.15.final.0-64 in 1264ms
[2022-12-10 16:22:41,911] {process_utils.py:141} INFO -   creator CPython3Posix(dest=/tmp/venvrv8cysjd, clear=False, no_vcs_ignore=False, global=True)
[2022-12-10 16:22:41,913] {process_utils.py:141} INFO -   seeder FromAppData(download=False, pip=bundle, setuptools=bundle, wheel=bundle, via=copy, app_data_dir=/home/airflow/.local/share/virtualenv)
[2022-12-10 16:22:41,915] {process_utils.py:141} INFO -     added seed packages: pip==21.0.1, setuptools==52.0.0, wheel==0.36.2
[2022-12-10 16:22:41,916] {process_utils.py:141} INFO -   activators BashActivator,CShellActivator,FishActivator,PowerShellActivator,PythonActivator,XonshActivator
[2022-12-10 16:22:41,970] {process_utils.py:135} INFO - Executing cmd: /tmp/venvrv8cysjd/bin/pip install google-cloud-bigquery google-cloud-bigquery-storage
[2022-12-10 16:22:41,986] {process_utils.py:137} INFO - Output:
[2022-12-10 16:22:47,380] {process_utils.py:141} INFO - Requirement already satisfied: google-cloud-bigquery in /home/airflow/.local/lib/python3.6/site-packages (2.8.0)
[2022-12-10 16:22:47,388] {process_utils.py:141} INFO - Requirement already satisfied: google-cloud-bigquery-storage in /home/airflow/.local/lib/python3.6/site-packages (2.2.1)
[2022-12-10 16:22:47,518] {process_utils.py:141} INFO - Requirement already satisfied: google-resumable-media<2.0dev,>=0.6.0 in /home/airflow/.local/lib/python3.6/site-packages (from google-cloud-bigquery) (1.2.0)
[2022-12-10 16:22:47,522] {process_utils.py:141} INFO - Requirement already satisfied: proto-plus>=1.10.0 in /home/airflow/.local/lib/python3.6/site-packages (from google-cloud-bigquery) (1.13.0)
[2022-12-10 16:22:47,524] {process_utils.py:141} INFO - Requirement already satisfied: protobuf>=3.12.0 in /home/airflow/.local/lib/python3.6/site-packages (from google-cloud-bigquery) (3.14.0)
[2022-12-10 16:22:47,527] {process_utils.py:141} INFO - Requirement already satisfied: google-cloud-core<2.0dev,>=1.4.1 in /home/airflow/.local/lib/python3.6/site-packages (from google-cloud-bigquery) (1.6.0)
[2022-12-10 16:22:47,532] {process_utils.py:141} INFO - Requirement already satisfied: google-api-core[grpc]<2.0.0dev,>=1.23.0 in /home/airflow/.local/lib/python3.6/site-packages (from google-cloud-bigquery) (1.26.0)
[2022-12-10 16:22:47,580] {process_utils.py:141} INFO - Requirement already satisfied: requests<3.0.0dev,>=2.18.0 in /home/airflow/.local/lib/python3.6/site-packages (from google-api-core[grpc]<2.0.0dev,>=1.23.0->google-cloud-bigquery) (2.25.1)
[2022-12-10 16:22:47,582] {process_utils.py:141} INFO - Requirement already satisfied: pytz in /home/airflow/.local/lib/python3.6/site-packages (from google-api-core[grpc]<2.0.0dev,>=1.23.0->google-cloud-bigquery) (2020.5)
[2022-12-10 16:22:47,585] {process_utils.py:141} INFO - Requirement already satisfied: google-auth<2.0dev,>=1.21.1 in /home/airflow/.local/lib/python3.6/site-packages (from google-api-core[grpc]<2.0.0dev,>=1.23.0->google-cloud-bigquery) (1.26.1)
[2022-12-10 16:22:47,588] {process_utils.py:141} INFO - Requirement already satisfied: six>=1.13.0 in /home/airflow/.local/lib/python3.6/site-packages (from google-api-core[grpc]<2.0.0dev,>=1.23.0->google-cloud-bigquery) (1.15.0)
[2022-12-10 16:22:47,591] {process_utils.py:141} INFO - Requirement already satisfied: setuptools>=40.3.0 in /tmp/venvrv8cysjd/lib/python3.6/site-packages (from google-api-core[grpc]<2.0.0dev,>=1.23.0->google-cloud-bigquery) (52.0.0)
[2022-12-10 16:22:47,595] {process_utils.py:141} INFO - Requirement already satisfied: googleapis-common-protos<2.0dev,>=1.6.0 in /home/airflow/.local/lib/python3.6/site-packages (from google-api-core[grpc]<2.0.0dev,>=1.23.0->google-cloud-bigquery) (1.52.0)
[2022-12-10 16:22:47,597] {process_utils.py:141} INFO - Requirement already satisfied: packaging>=14.3 in /home/airflow/.local/lib/python3.6/site-packages (from google-api-core[grpc]<2.0.0dev,>=1.23.0->google-cloud-bigquery) (20.9)
[2022-12-10 16:22:47,601] {process_utils.py:141} INFO - Requirement already satisfied: grpcio<2.0dev,>=1.29.0 in /home/airflow/.local/lib/python3.6/site-packages (from google-api-core[grpc]<2.0.0dev,>=1.23.0->google-cloud-bigquery) (1.35.0)
[2022-12-10 16:22:47,657] {process_utils.py:141} INFO - Requirement already satisfied: rsa<5,>=3.1.4 in /home/airflow/.local/lib/python3.6/site-packages (from google-auth<2.0dev,>=1.21.1->google-api-core[grpc]<2.0.0dev,>=1.23.0->google-cloud-bigquery) (4.7)
[2022-12-10 16:22:47,659] {process_utils.py:141} INFO - Requirement already satisfied: pyasn1-modules>=0.2.1 in /home/airflow/.local/lib/python3.6/site-packages (from google-auth<2.0dev,>=1.21.1->google-api-core[grpc]<2.0.0dev,>=1.23.0->google-cloud-bigquery) (0.2.8)
[2022-12-10 16:22:47,663] {process_utils.py:141} INFO - Requirement already satisfied: cachetools<5.0,>=2.0.0 in /home/airflow/.local/lib/python3.6/site-packages (from google-auth<2.0dev,>=1.21.1->google-api-core[grpc]<2.0.0dev,>=1.23.0->google-cloud-bigquery) (4.2.1)
[2022-12-10 16:22:47,716] {process_utils.py:141} INFO - Requirement already satisfied: google-crc32c<2.0dev,>=1.0 in /home/airflow/.local/lib/python3.6/site-packages (from google-resumable-media<2.0dev,>=0.6.0->google-cloud-bigquery) (1.1.2)
[2022-12-10 16:22:47,729] {process_utils.py:141} INFO - Requirement already satisfied: cffi>=1.0.0 in /home/airflow/.local/lib/python3.6/site-packages (from google-crc32c<2.0dev,>=1.0->google-resumable-media<2.0dev,>=0.6.0->google-cloud-bigquery) (1.14.5)
[2022-12-10 16:22:47,736] {process_utils.py:141} INFO - Requirement already satisfied: pycparser in /home/airflow/.local/lib/python3.6/site-packages (from cffi>=1.0.0->google-crc32c<2.0dev,>=1.0->google-resumable-media<2.0dev,>=0.6.0->google-cloud-bigquery) (2.20)
[2022-12-10 16:22:47,769] {process_utils.py:141} INFO - Requirement already satisfied: pyparsing>=2.0.2 in /home/airflow/.local/lib/python3.6/site-packages (from packaging>=14.3->google-api-core[grpc]<2.0.0dev,>=1.23.0->google-cloud-bigquery) (2.4.7)
[2022-12-10 16:22:47,798] {process_utils.py:141} INFO - Requirement already satisfied: pyasn1<0.5.0,>=0.4.6 in /home/airflow/.local/lib/python3.6/site-packages (from pyasn1-modules>=0.2.1->google-auth<2.0dev,>=1.21.1->google-api-core[grpc]<2.0.0dev,>=1.23.0->google-cloud-bigquery) (0.4.8)
[2022-12-10 16:22:47,844] {process_utils.py:141} INFO - Requirement already satisfied: certifi>=2017.4.17 in /home/airflow/.local/lib/python3.6/site-packages (from requests<3.0.0dev,>=2.18.0->google-api-core[grpc]<2.0.0dev,>=1.23.0->google-cloud-bigquery) (2020.12.5)
[2022-12-10 16:22:47,847] {process_utils.py:141} INFO - Requirement already satisfied: idna<3,>=2.5 in /home/airflow/.local/lib/python3.6/site-packages (from requests<3.0.0dev,>=2.18.0->google-api-core[grpc]<2.0.0dev,>=1.23.0->google-cloud-bigquery) (2.10)
[2022-12-10 16:22:47,855] {process_utils.py:141} INFO - Requirement already satisfied: chardet<5,>=3.0.2 in /home/airflow/.local/lib/python3.6/site-packages (from requests<3.0.0dev,>=2.18.0->google-api-core[grpc]<2.0.0dev,>=1.23.0->google-cloud-bigquery) (3.0.4)
[2022-12-10 16:22:47,856] {process_utils.py:141} INFO - Requirement already satisfied: urllib3<1.27,>=1.21.1 in /home/airflow/.local/lib/python3.6/site-packages (from requests<3.0.0dev,>=2.18.0->google-api-core[grpc]<2.0.0dev,>=1.23.0->google-cloud-bigquery) (1.25.11)
[2022-12-10 16:22:48,024] {process_utils.py:141} INFO - Requirement already satisfied: libcst>=0.2.5 in /home/airflow/.local/lib/python3.6/site-packages (from google-cloud-bigquery-storage) (0.3.17)
[2022-12-10 16:22:48,262] {process_utils.py:141} INFO - Requirement already satisfied: typing-inspect>=0.4.0 in /home/airflow/.local/lib/python3.6/site-packages (from libcst>=0.2.5->google-cloud-bigquery-storage) (0.6.0)
[2022-12-10 16:22:48,394] {process_utils.py:141} INFO - Requirement already satisfied: pyyaml>=5.2 in /home/airflow/.local/lib/python3.6/site-packages (from libcst>=0.2.5->google-cloud-bigquery-storage) (5.4.1)
[2022-12-10 16:22:48,412] {process_utils.py:141} INFO - Requirement already satisfied: dataclasses>=0.6.0 in /home/airflow/.local/lib/python3.6/site-packages (from libcst>=0.2.5->google-cloud-bigquery-storage) (0.7)
[2022-12-10 16:22:48,415] {process_utils.py:141} INFO - Requirement already satisfied: typing-extensions>=3.7.4.2 in /home/airflow/.local/lib/python3.6/site-packages (from libcst>=0.2.5->google-cloud-bigquery-storage) (3.7.4.3)
[2022-12-10 16:22:48,543] {process_utils.py:141} INFO - Requirement already satisfied: mypy-extensions>=0.3.0 in /home/airflow/.local/lib/python3.6/site-packages (from typing-inspect>=0.4.0->libcst>=0.2.5->google-cloud-bigquery-storage) (0.4.3)
[2022-12-10 16:23:11,209] {process_utils.py:141} INFO - WARNING: You are using pip version 21.0.1; however, version 21.3.1 is available.
[2022-12-10 16:23:11,212] {process_utils.py:141} INFO - You should consider upgrading via the '/tmp/venvrv8cysjd/bin/python -m pip install --upgrade pip' command.
[2022-12-10 16:23:11,710] {process_utils.py:135} INFO - Executing cmd: /tmp/venvrv8cysjd/bin/python /tmp/venvrv8cysjd/script.py /tmp/venvrv8cysjd/script.in /tmp/venvrv8cysjd/script.out /tmp/venvrv8cysjd/string_args.txt
[2022-12-10 16:23:11,723] {process_utils.py:137} INFO - Output:
[2022-12-10 16:23:22,074] {python.py:118} INFO - Done. Returned value was: None
[2022-12-10 16:23:22,201] {taskinstance.py:1166} INFO - Marking task as SUCCESS. dag_id=mysql-to-gcp, task_id=truncating-tables-in-bigquery, execution_date=20221210T162026, start_date=20221210T162239, end_date=20221210T162322
[2022-12-10 16:23:22,365] {local_task_job.py:146} INFO - Task exited with return code 1
