[2022-12-10 16:20:30,597] {taskinstance.py:851} INFO - Dependencies all met for <TaskInstance: mysql-to-gcp.creating-a-dataset-in-bigquery 2022-12-10T16:20:26.520913+00:00 [queued]>
[2022-12-10 16:20:30,738] {taskinstance.py:851} INFO - Dependencies all met for <TaskInstance: mysql-to-gcp.creating-a-dataset-in-bigquery 2022-12-10T16:20:26.520913+00:00 [queued]>
[2022-12-10 16:20:30,754] {taskinstance.py:1042} INFO - 
--------------------------------------------------------------------------------
[2022-12-10 16:20:30,767] {taskinstance.py:1043} INFO - Starting attempt 1 of 1
[2022-12-10 16:20:30,768] {taskinstance.py:1044} INFO - 
--------------------------------------------------------------------------------
[2022-12-10 16:20:30,838] {taskinstance.py:1063} INFO - Executing <Task(PythonVirtualenvOperator): creating-a-dataset-in-bigquery> on 2022-12-10T16:20:26.520913+00:00
[2022-12-10 16:20:30,847] {standard_task_runner.py:52} INFO - Started process 202 to run task
[2022-12-10 16:20:30,909] {standard_task_runner.py:76} INFO - Running: ['airflow', 'tasks', 'run', 'mysql-to-gcp', 'creating-a-dataset-in-bigquery', '2022-12-10T16:20:26.520913+00:00', '--job-id', '9', '--pool', 'default_pool', '--raw', '--subdir', 'DAGS_FOLDER/gcp_dag.py', '--cfg-path', '/tmp/tmprmbqojzu', '--error-file', '/tmp/tmp6qdn9fe2']
[2022-12-10 16:20:30,923] {standard_task_runner.py:77} INFO - Job 9: Subtask creating-a-dataset-in-bigquery
[2022-12-10 16:20:31,325] {logging_mixin.py:104} INFO - Running <TaskInstance: mysql-to-gcp.creating-a-dataset-in-bigquery 2022-12-10T16:20:26.520913+00:00 [running]> on host ec559b4d8f4f
[2022-12-10 16:20:31,582] {taskinstance.py:1257} INFO - Exporting the following env vars:
AIRFLOW_CTX_DAG_OWNER=airflow
AIRFLOW_CTX_DAG_ID=mysql-to-gcp
AIRFLOW_CTX_TASK_ID=creating-a-dataset-in-bigquery
AIRFLOW_CTX_EXECUTION_DATE=2022-12-10T16:20:26.520913+00:00
AIRFLOW_CTX_DAG_RUN_ID=manual__2022-12-10T16:20:26.520913+00:00
[2022-12-10 16:20:31,594] {process_utils.py:135} INFO - Executing cmd: virtualenv /tmp/venv0y88p6z8
[2022-12-10 16:20:31,631] {process_utils.py:137} INFO - Output:
[2022-12-10 16:20:35,251] {process_utils.py:141} INFO - created virtual environment CPython3.6.15.final.0-64 in 2339ms
[2022-12-10 16:20:35,567] {process_utils.py:141} INFO -   creator CPython3Posix(dest=/tmp/venv0y88p6z8, clear=False, no_vcs_ignore=False, global=False)
[2022-12-10 16:20:35,718] {process_utils.py:141} INFO -   seeder FromAppData(download=False, pip=bundle, setuptools=bundle, wheel=bundle, via=copy, app_data_dir=/home/airflow/.local/share/virtualenv)
[2022-12-10 16:20:35,845] {process_utils.py:141} INFO -     added seed packages: pip==21.0.1, setuptools==52.0.0, wheel==0.36.2
[2022-12-10 16:20:35,932] {process_utils.py:141} INFO -   activators BashActivator,CShellActivator,FishActivator,PowerShellActivator,PythonActivator,XonshActivator
[2022-12-10 16:20:36,024] {process_utils.py:135} INFO - Executing cmd: /tmp/venv0y88p6z8/bin/pip install google-cloud-bigquery google-cloud-bigquery-storage
[2022-12-10 16:20:36,228] {process_utils.py:137} INFO - Output:
[2022-12-10 16:20:50,629] {process_utils.py:141} INFO - Collecting google-cloud-bigquery
[2022-12-10 16:20:50,649] {process_utils.py:141} INFO -   Using cached google_cloud_bigquery-3.2.0-py2.py3-none-any.whl (211 kB)
[2022-12-10 16:20:52,431] {process_utils.py:141} INFO - Collecting google-cloud-bigquery-storage
[2022-12-10 16:20:52,451] {process_utils.py:141} INFO -   Using cached google_cloud_bigquery_storage-2.13.2-py2.py3-none-any.whl (180 kB)
[2022-12-10 16:21:12,323] {process_utils.py:141} INFO - Collecting grpcio<2.0dev,>=1.38.1
[2022-12-10 16:21:12,368] {process_utils.py:141} INFO -   Using cached grpcio-1.48.2-cp36-cp36m-manylinux_2_17_x86_64.manylinux2014_x86_64.whl (4.6 MB)
[2022-12-10 16:21:14,039] {process_utils.py:141} INFO - Collecting requests<3.0.0dev,>=2.18.0
[2022-12-10 16:21:14,053] {process_utils.py:141} INFO -   Using cached requests-2.27.1-py2.py3-none-any.whl (63 kB)
[2022-12-10 16:21:16,046] {process_utils.py:141} INFO - Collecting pyarrow<9.0dev,>=3.0.0
[2022-12-10 16:21:26,694] {process_utils.py:141} INFO -   Using cached pyarrow-6.0.1-cp36-cp36m-manylinux_2_17_x86_64.manylinux2014_x86_64.whl (25.6 MB)
[2022-12-10 16:21:30,660] {process_utils.py:141} INFO - Collecting google-cloud-core<3.0.0dev,>=1.4.1
[2022-12-10 16:21:30,671] {process_utils.py:141} INFO -   Using cached google_cloud_core-2.3.1-py2.py3-none-any.whl (29 kB)
[2022-12-10 16:21:32,060] {process_utils.py:141} INFO - Collecting google-resumable-media<3.0dev,>=0.6.0
[2022-12-10 16:21:32,077] {process_utils.py:141} INFO -   Using cached google_resumable_media-2.3.3-py2.py3-none-any.whl (76 kB)
[2022-12-10 16:21:33,489] {process_utils.py:141} INFO - Collecting proto-plus<2.0.0dev,>=1.15.0
[2022-12-10 16:21:33,522] {process_utils.py:141} INFO -   Using cached proto_plus-1.22.1-py3-none-any.whl (47 kB)
[2022-12-10 16:21:34,373] {process_utils.py:141} INFO - Collecting python-dateutil<3.0dev,>=2.7.2
[2022-12-10 16:21:34,409] {process_utils.py:141} INFO -   Using cached python_dateutil-2.8.2-py2.py3-none-any.whl (247 kB)
[2022-12-10 16:21:35,661] {process_utils.py:141} INFO - Collecting packaging<22.0.0dev,>=14.3
[2022-12-10 16:21:35,667] {process_utils.py:141} INFO -   Using cached packaging-21.3-py3-none-any.whl (40 kB)
[2022-12-10 16:21:38,333] {process_utils.py:141} INFO - Collecting protobuf<4.0.0dev,>=3.12.0
[2022-12-10 16:21:38,360] {process_utils.py:141} INFO -   Using cached protobuf-3.19.6-cp36-cp36m-manylinux_2_17_x86_64.manylinux2014_x86_64.whl (1.1 MB)
[2022-12-10 16:21:39,864] {process_utils.py:141} INFO - Collecting google-api-core[grpc]!=2.0.*,!=2.1.*,!=2.2.*,!=2.3.0,<3.0.0dev,>=1.31.5
[2022-12-10 16:21:39,871] {process_utils.py:141} INFO -   Using cached google_api_core-2.8.2-py3-none-any.whl (114 kB)
[2022-12-10 16:21:40,638] {process_utils.py:141} INFO - Collecting googleapis-common-protos<2.0dev,>=1.56.2
[2022-12-10 16:21:40,648] {process_utils.py:141} INFO -   Using cached googleapis_common_protos-1.56.3-py2.py3-none-any.whl (211 kB)
[2022-12-10 16:21:42,295] {process_utils.py:141} INFO - Collecting google-auth<3.0dev,>=1.25.0
[2022-12-10 16:21:42,303] {process_utils.py:141} INFO -   Using cached google_auth-2.15.0-py2.py3-none-any.whl (177 kB)
[2022-12-10 16:21:43,332] {process_utils.py:141} INFO - Collecting grpcio-status<2.0dev,>=1.33.2
[2022-12-10 16:21:43,355] {process_utils.py:141} INFO -   Using cached grpcio_status-1.51.1-py3-none-any.whl (5.1 kB)
[2022-12-10 16:21:44,786] {process_utils.py:141} INFO - Collecting rsa<5,>=3.1.4
[2022-12-10 16:21:44,797] {process_utils.py:141} INFO -   Using cached rsa-4.9-py3-none-any.whl (34 kB)
[2022-12-10 16:21:45,551] {process_utils.py:141} INFO - Collecting cachetools<6.0,>=2.0.0
[2022-12-10 16:21:45,570] {process_utils.py:141} INFO -   Using cached cachetools-4.2.4-py3-none-any.whl (10 kB)
[2022-12-10 16:21:46,451] {process_utils.py:141} INFO - Collecting pyasn1-modules>=0.2.1
[2022-12-10 16:21:46,464] {process_utils.py:141} INFO -   Using cached pyasn1_modules-0.2.8-py2.py3-none-any.whl (155 kB)
[2022-12-10 16:21:48,302] {process_utils.py:141} INFO - Collecting six>=1.9.0
[2022-12-10 16:21:48,309] {process_utils.py:141} INFO -   Using cached six-1.16.0-py2.py3-none-any.whl (11 kB)
[2022-12-10 16:21:49,764] {process_utils.py:141} INFO - Collecting google-crc32c<2.0dev,>=1.0
[2022-12-10 16:21:49,773] {process_utils.py:141} INFO -   Using cached google_crc32c-1.3.0-cp36-cp36m-manylinux_2_12_x86_64.manylinux2010_x86_64.whl (37 kB)
[2022-12-10 16:21:50,127] {process_utils.py:141} INFO - Collecting grpcio-status<2.0dev,>=1.33.2
[2022-12-10 16:21:50,135] {process_utils.py:141} INFO -   Using cached grpcio_status-1.50.0-py3-none-any.whl (14 kB)
[2022-12-10 16:21:50,219] {process_utils.py:141} INFO -   Using cached grpcio_status-1.49.1-py3-none-any.whl (14 kB)
[2022-12-10 16:21:50,455] {process_utils.py:141} INFO -   Using cached grpcio_status-1.48.2-py3-none-any.whl (14 kB)
[2022-12-10 16:21:52,261] {process_utils.py:141} INFO - Collecting pyparsing!=3.0.5,>=2.0.2
[2022-12-10 16:21:52,268] {process_utils.py:141} INFO -   Using cached pyparsing-3.0.9-py3-none-any.whl (98 kB)
[2022-12-10 16:21:56,106] {process_utils.py:141} INFO - Collecting numpy>=1.16.6
[2022-12-10 16:21:56,164] {process_utils.py:141} INFO -   Using cached numpy-1.19.5-cp36-cp36m-manylinux2010_x86_64.whl (14.8 MB)
[2022-12-10 16:21:57,194] {process_utils.py:141} INFO - Collecting pyasn1<0.5.0,>=0.4.6
[2022-12-10 16:21:57,204] {process_utils.py:141} INFO -   Using cached pyasn1-0.4.8-py2.py3-none-any.whl (77 kB)
[2022-12-10 16:21:58,577] {process_utils.py:141} INFO - Collecting urllib3<1.27,>=1.21.1
[2022-12-10 16:21:58,584] {process_utils.py:141} INFO -   Using cached urllib3-1.26.13-py2.py3-none-any.whl (140 kB)
[2022-12-10 16:21:59,221] {process_utils.py:141} INFO - Collecting certifi>=2017.4.17
[2022-12-10 16:21:59,228] {process_utils.py:141} INFO -   Using cached certifi-2022.12.7-py3-none-any.whl (155 kB)
[2022-12-10 16:21:59,827] {process_utils.py:141} INFO - Collecting idna<4,>=2.5
[2022-12-10 16:21:59,834] {process_utils.py:141} INFO -   Using cached idna-3.4-py3-none-any.whl (61 kB)
[2022-12-10 16:22:03,275] {process_utils.py:141} INFO - Collecting charset-normalizer~=2.0.0
[2022-12-10 16:22:03,310] {process_utils.py:141} INFO -   Using cached charset_normalizer-2.0.12-py3-none-any.whl (39 kB)
[2022-12-10 16:22:06,224] {process_utils.py:141} INFO - Installing collected packages: pyasn1, urllib3, six, rsa, pyasn1-modules, protobuf, idna, charset-normalizer, certifi, cachetools, requests, grpcio, googleapis-common-protos, google-auth, grpcio-status, google-api-core, pyparsing, proto-plus, numpy, google-crc32c, python-dateutil, pyarrow, packaging, google-resumable-media, google-cloud-core, google-cloud-bigquery-storage, google-cloud-bigquery
[2022-12-10 16:22:26,250] {process_utils.py:141} INFO - Successfully installed cachetools-4.2.4 certifi-2022.12.7 charset-normalizer-2.0.12 google-api-core-2.8.2 google-auth-2.15.0 google-cloud-bigquery-3.2.0 google-cloud-bigquery-storage-2.13.2 google-cloud-core-2.3.1 google-crc32c-1.3.0 google-resumable-media-2.3.3 googleapis-common-protos-1.56.3 grpcio-1.48.2 grpcio-status-1.48.2 idna-3.4 numpy-1.19.5 packaging-21.3 proto-plus-1.22.1 protobuf-3.19.6 pyarrow-6.0.1 pyasn1-0.4.8 pyasn1-modules-0.2.8 pyparsing-3.0.9 python-dateutil-2.8.2 requests-2.27.1 rsa-4.9 six-1.16.0 urllib3-1.26.13
[2022-12-10 16:22:28,288] {process_utils.py:141} INFO - WARNING: You are using pip version 21.0.1; however, version 21.3.1 is available.
[2022-12-10 16:22:28,290] {process_utils.py:141} INFO - You should consider upgrading via the '/tmp/venv0y88p6z8/bin/python -m pip install --upgrade pip' command.
[2022-12-10 16:22:28,676] {process_utils.py:135} INFO - Executing cmd: /tmp/venv0y88p6z8/bin/python /tmp/venv0y88p6z8/script.py /tmp/venv0y88p6z8/script.in /tmp/venv0y88p6z8/script.out /tmp/venv0y88p6z8/string_args.txt
[2022-12-10 16:22:28,688] {process_utils.py:137} INFO - Output:
[2022-12-10 16:22:36,125] {python.py:118} INFO - Done. Returned value was: None
[2022-12-10 16:22:36,171] {taskinstance.py:1166} INFO - Marking task as SUCCESS. dag_id=mysql-to-gcp, task_id=creating-a-dataset-in-bigquery, execution_date=20221210T162026, start_date=20221210T162030, end_date=20221210T162236
[2022-12-10 16:22:36,315] {local_task_job.py:146} INFO - Task exited with return code 1
