[2022-12-10 16:05:21,650] {taskinstance.py:851} INFO - Dependencies all met for <TaskInstance: mysql-to-gcp.creating-a-dataset-in-bigquery 2022-12-10T15:44:47.638429+00:00 [queued]>
[2022-12-10 16:05:21,765] {taskinstance.py:851} INFO - Dependencies all met for <TaskInstance: mysql-to-gcp.creating-a-dataset-in-bigquery 2022-12-10T15:44:47.638429+00:00 [queued]>
[2022-12-10 16:05:21,767] {taskinstance.py:1042} INFO - 
--------------------------------------------------------------------------------
[2022-12-10 16:05:21,768] {taskinstance.py:1043} INFO - Starting attempt 1 of 1
[2022-12-10 16:05:21,770] {taskinstance.py:1044} INFO - 
--------------------------------------------------------------------------------
[2022-12-10 16:05:21,847] {taskinstance.py:1063} INFO - Executing <Task(PythonVirtualenvOperator): creating-a-dataset-in-bigquery> on 2022-12-10T15:44:47.638429+00:00
[2022-12-10 16:05:21,877] {standard_task_runner.py:76} INFO - Running: ['airflow', 'tasks', 'run', 'mysql-to-gcp', 'creating-a-dataset-in-bigquery', '2022-12-10T15:44:47.638429+00:00', '--job-id', '3', '--pool', 'default_pool', '--raw', '--subdir', 'DAGS_FOLDER/gcp_dag.py', '--cfg-path', '/tmp/tmp27kbypft', '--error-file', '/tmp/tmp_wni_8g5']
[2022-12-10 16:05:21,855] {standard_task_runner.py:52} INFO - Started process 39 to run task
[2022-12-10 16:05:21,891] {standard_task_runner.py:77} INFO - Job 3: Subtask creating-a-dataset-in-bigquery
[2022-12-10 16:05:22,216] {logging_mixin.py:104} INFO - Running <TaskInstance: mysql-to-gcp.creating-a-dataset-in-bigquery 2022-12-10T15:44:47.638429+00:00 [running]> on host ec559b4d8f4f
[2022-12-10 16:05:22,392] {taskinstance.py:1257} INFO - Exporting the following env vars:
AIRFLOW_CTX_DAG_OWNER=airflow
AIRFLOW_CTX_DAG_ID=mysql-to-gcp
AIRFLOW_CTX_TASK_ID=creating-a-dataset-in-bigquery
AIRFLOW_CTX_EXECUTION_DATE=2022-12-10T15:44:47.638429+00:00
AIRFLOW_CTX_DAG_RUN_ID=scheduled__2022-12-10T15:44:47.638429+00:00
[2022-12-10 16:05:22,404] {process_utils.py:135} INFO - Executing cmd: virtualenv /tmp/venvmvef2dou
[2022-12-10 16:05:22,440] {process_utils.py:137} INFO - Output:
[2022-12-10 16:05:27,222] {process_utils.py:141} INFO - created virtual environment CPython3.6.15.final.0-64 in 3766ms
[2022-12-10 16:05:27,269] {process_utils.py:141} INFO -   creator CPython3Posix(dest=/tmp/venvmvef2dou, clear=False, no_vcs_ignore=False, global=False)
[2022-12-10 16:05:27,278] {process_utils.py:141} INFO -   seeder FromAppData(download=False, pip=bundle, setuptools=bundle, wheel=bundle, via=copy, app_data_dir=/home/airflow/.local/share/virtualenv)
[2022-12-10 16:05:27,303] {process_utils.py:141} INFO -     added seed packages: pip==21.0.1, setuptools==52.0.0, wheel==0.36.2
[2022-12-10 16:05:27,317] {process_utils.py:141} INFO -   activators BashActivator,CShellActivator,FishActivator,PowerShellActivator,PythonActivator,XonshActivator
[2022-12-10 16:05:27,419] {process_utils.py:135} INFO - Executing cmd: /tmp/venvmvef2dou/bin/pip install google-cloud-bigquery google-cloud-bigquery-storage
[2022-12-10 16:05:27,461] {process_utils.py:137} INFO - Output:
[2022-12-10 16:05:35,781] {process_utils.py:141} INFO - Collecting google-cloud-bigquery
[2022-12-10 16:05:37,169] {process_utils.py:141} INFO -   Downloading google_cloud_bigquery-3.2.0-py2.py3-none-any.whl (211 kB)
[2022-12-10 16:05:40,161] {process_utils.py:141} INFO - Collecting google-cloud-bigquery-storage
[2022-12-10 16:05:40,449] {process_utils.py:141} INFO -   Downloading google_cloud_bigquery_storage-2.13.2-py2.py3-none-any.whl (180 kB)
[2022-12-10 16:05:42,188] {process_utils.py:141} INFO - Collecting pyarrow<9.0dev,>=3.0.0
[2022-12-10 16:05:42,460] {process_utils.py:141} INFO -   Downloading pyarrow-6.0.1-cp36-cp36m-manylinux_2_17_x86_64.manylinux2014_x86_64.whl (25.6 MB)
[2022-12-10 16:06:21,615] {process_utils.py:141} INFO - Collecting google-api-core[grpc]!=2.0.*,!=2.1.*,!=2.2.*,!=2.3.0,<3.0.0dev,>=1.31.5
[2022-12-10 16:06:21,997] {process_utils.py:141} INFO -   Downloading google_api_core-2.8.2-py3-none-any.whl (114 kB)
[2022-12-10 16:06:22,588] {process_utils.py:141} INFO - Collecting python-dateutil<3.0dev,>=2.7.2
[2022-12-10 16:06:22,926] {process_utils.py:141} INFO -   Downloading python_dateutil-2.8.2-py2.py3-none-any.whl (247 kB)
[2022-12-10 16:06:27,128] {process_utils.py:141} INFO - Collecting protobuf<4.0.0dev,>=3.12.0
[2022-12-10 16:06:27,579] {process_utils.py:141} INFO -   Downloading protobuf-3.19.6-cp36-cp36m-manylinux_2_17_x86_64.manylinux2014_x86_64.whl (1.1 MB)
[2022-12-10 16:06:31,495] {process_utils.py:141} INFO - Collecting proto-plus<2.0.0dev,>=1.15.0
[2022-12-10 16:06:31,777] {process_utils.py:141} INFO -   Downloading proto_plus-1.22.1-py3-none-any.whl (47 kB)
[2022-12-10 16:06:40,828] {process_utils.py:141} INFO - Collecting grpcio<2.0dev,>=1.38.1
[2022-12-10 16:06:41,249] {process_utils.py:141} INFO -   Downloading grpcio-1.48.2-cp36-cp36m-manylinux_2_17_x86_64.manylinux2014_x86_64.whl (4.6 MB)
[2022-12-10 16:06:46,414] {process_utils.py:141} INFO - Collecting google-cloud-core<3.0.0dev,>=1.4.1
[2022-12-10 16:06:46,785] {process_utils.py:141} INFO -   Downloading google_cloud_core-2.3.1-py2.py3-none-any.whl (29 kB)
[2022-12-10 16:06:47,635] {process_utils.py:141} INFO - Collecting packaging<22.0.0dev,>=14.3
[2022-12-10 16:06:48,007] {process_utils.py:141} INFO -   Downloading packaging-21.3-py3-none-any.whl (40 kB)
[2022-12-10 16:06:48,948] {process_utils.py:141} INFO - Collecting google-resumable-media<3.0dev,>=0.6.0
[2022-12-10 16:06:49,342] {process_utils.py:141} INFO -   Downloading google_resumable_media-2.3.3-py2.py3-none-any.whl (76 kB)
[2022-12-10 16:06:50,254] {process_utils.py:141} INFO - Collecting requests<3.0.0dev,>=2.18.0
[2022-12-10 16:06:50,567] {process_utils.py:141} INFO -   Downloading requests-2.27.1-py2.py3-none-any.whl (63 kB)
[2022-12-10 16:06:52,538] {process_utils.py:141} INFO - Collecting google-auth<3.0dev,>=1.25.0
[2022-12-10 16:06:52,839] {process_utils.py:141} INFO -   Downloading google_auth-2.15.0-py2.py3-none-any.whl (177 kB)
[2022-12-10 16:06:53,571] {process_utils.py:141} INFO - Collecting googleapis-common-protos<2.0dev,>=1.56.2
[2022-12-10 16:06:53,962] {process_utils.py:141} INFO -   Downloading googleapis_common_protos-1.56.3-py2.py3-none-any.whl (211 kB)
[2022-12-10 16:06:54,736] {process_utils.py:141} INFO - Collecting grpcio-status<2.0dev,>=1.33.2
[2022-12-10 16:06:55,073] {process_utils.py:141} INFO -   Downloading grpcio_status-1.51.1-py3-none-any.whl (5.1 kB)
[2022-12-10 16:06:55,952] {process_utils.py:141} INFO - Collecting rsa<5,>=3.1.4
[2022-12-10 16:06:56,412] {process_utils.py:141} INFO -   Downloading rsa-4.9-py3-none-any.whl (34 kB)
[2022-12-10 16:06:57,284] {process_utils.py:141} INFO - Collecting pyasn1-modules>=0.2.1
[2022-12-10 16:06:57,853] {process_utils.py:141} INFO -   Downloading pyasn1_modules-0.2.8-py2.py3-none-any.whl (155 kB)
[2022-12-10 16:06:59,463] {process_utils.py:141} INFO - Collecting six>=1.9.0
[2022-12-10 16:06:59,893] {process_utils.py:141} INFO -   Downloading six-1.16.0-py2.py3-none-any.whl (11 kB)
[2022-12-10 16:07:00,678] {process_utils.py:141} INFO - Collecting cachetools<6.0,>=2.0.0
[2022-12-10 16:07:01,134] {process_utils.py:141} INFO -   Downloading cachetools-4.2.4-py3-none-any.whl (10 kB)
[2022-12-10 16:07:02,372] {process_utils.py:141} INFO - Collecting google-crc32c<2.0dev,>=1.0
[2022-12-10 16:07:02,764] {process_utils.py:141} INFO -   Downloading google_crc32c-1.3.0-cp36-cp36m-manylinux_2_12_x86_64.manylinux2010_x86_64.whl (37 kB)
[2022-12-10 16:07:03,253] {process_utils.py:141} INFO - Collecting grpcio-status<2.0dev,>=1.33.2
[2022-12-10 16:07:03,569] {process_utils.py:141} INFO -   Downloading grpcio_status-1.50.0-py3-none-any.whl (14 kB)
[2022-12-10 16:07:04,084] {process_utils.py:141} INFO -   Downloading grpcio_status-1.49.1-py3-none-any.whl (14 kB)
[2022-12-10 16:07:04,594] {process_utils.py:141} INFO -   Downloading grpcio_status-1.48.2-py3-none-any.whl (14 kB)
[2022-12-10 16:07:05,422] {process_utils.py:141} INFO - Collecting pyparsing!=3.0.5,>=2.0.2
[2022-12-10 16:07:05,722] {process_utils.py:141} INFO -   Downloading pyparsing-3.0.9-py3-none-any.whl (98 kB)
[2022-12-10 16:07:09,670] {process_utils.py:141} INFO - Collecting numpy>=1.16.6
[2022-12-10 16:07:11,250] {process_utils.py:141} INFO -   Downloading numpy-1.19.5-cp36-cp36m-manylinux2010_x86_64.whl (14.8 MB)
[2022-12-10 16:07:39,012] {process_utils.py:141} INFO - Collecting pyasn1<0.5.0,>=0.4.6
[2022-12-10 16:07:39,299] {process_utils.py:141} INFO -   Downloading pyasn1-0.4.8-py2.py3-none-any.whl (77 kB)
[2022-12-10 16:07:40,482] {process_utils.py:141} INFO - Collecting urllib3<1.27,>=1.21.1
[2022-12-10 16:07:41,027] {process_utils.py:141} INFO -   Downloading urllib3-1.26.13-py2.py3-none-any.whl (140 kB)
[2022-12-10 16:07:41,719] {process_utils.py:141} INFO - Collecting certifi>=2017.4.17
[2022-12-10 16:07:42,075] {process_utils.py:141} INFO -   Downloading certifi-2022.12.7-py3-none-any.whl (155 kB)
[2022-12-10 16:07:42,643] {process_utils.py:141} INFO - Collecting idna<4,>=2.5
[2022-12-10 16:07:42,997] {process_utils.py:141} INFO -   Downloading idna-3.4-py3-none-any.whl (61 kB)
[2022-12-10 16:07:44,209] {process_utils.py:141} INFO - Collecting charset-normalizer~=2.0.0
[2022-12-10 16:07:44,509] {process_utils.py:141} INFO -   Downloading charset_normalizer-2.0.12-py3-none-any.whl (39 kB)
[2022-12-10 16:07:45,497] {process_utils.py:141} INFO - Installing collected packages: pyasn1, urllib3, six, rsa, pyasn1-modules, protobuf, idna, charset-normalizer, certifi, cachetools, requests, grpcio, googleapis-common-protos, google-auth, grpcio-status, google-api-core, pyparsing, proto-plus, numpy, google-crc32c, python-dateutil, pyarrow, packaging, google-resumable-media, google-cloud-core, google-cloud-bigquery-storage, google-cloud-bigquery
[2022-12-10 16:07:57,593] {process_utils.py:141} INFO - Successfully installed cachetools-4.2.4 certifi-2022.12.7 charset-normalizer-2.0.12 google-api-core-2.8.2 google-auth-2.15.0 google-cloud-bigquery-3.2.0 google-cloud-bigquery-storage-2.13.2 google-cloud-core-2.3.1 google-crc32c-1.3.0 google-resumable-media-2.3.3 googleapis-common-protos-1.56.3 grpcio-1.48.2 grpcio-status-1.48.2 idna-3.4 numpy-1.19.5 packaging-21.3 proto-plus-1.22.1 protobuf-3.19.6 pyarrow-6.0.1 pyasn1-0.4.8 pyasn1-modules-0.2.8 pyparsing-3.0.9 python-dateutil-2.8.2 requests-2.27.1 rsa-4.9 six-1.16.0 urllib3-1.26.13
[2022-12-10 16:07:59,437] {process_utils.py:141} INFO - WARNING: You are using pip version 21.0.1; however, version 21.3.1 is available.
[2022-12-10 16:07:59,439] {process_utils.py:141} INFO - You should consider upgrading via the '/tmp/venvmvef2dou/bin/python -m pip install --upgrade pip' command.
[2022-12-10 16:07:59,808] {process_utils.py:135} INFO - Executing cmd: /tmp/venvmvef2dou/bin/python /tmp/venvmvef2dou/script.py /tmp/venvmvef2dou/script.in /tmp/venvmvef2dou/script.out /tmp/venvmvef2dou/string_args.txt
[2022-12-10 16:07:59,825] {process_utils.py:137} INFO - Output:
[2022-12-10 16:08:07,311] {python.py:118} INFO - Done. Returned value was: None
[2022-12-10 16:08:07,343] {taskinstance.py:1166} INFO - Marking task as SUCCESS. dag_id=mysql-to-gcp, task_id=creating-a-dataset-in-bigquery, execution_date=20221210T154447, start_date=20221210T160521, end_date=20221210T160807
[2022-12-10 16:08:07,459] {local_task_job.py:146} INFO - Task exited with return code 1
